<?xml version="1.0" encoding="UTF-8"?>
<!-- Generated by org.testng.reporters.JUnitReportReporter -->
<testsuite hostname="Anil007-PC" failures="0" tests="2" name="com.test.CalculatorTest" time="4.521" errors="0" timestamp="2020-04-09T01:25:25 IST" skipped="0">
  <testcase classname="com.test.CalculatorTest" name="sum" time="2.397"/>
  <system-out/>
  <testcase classname="com.test.CalculatorTest" name="sub" time="2.124"/>
  <system-out/>
</testsuite> <!-- com.test.CalculatorTest -->
