<?xml version="1.0" encoding="UTF-8"?>
<!-- Generated by org.testng.reporters.JUnitReportReporter -->
<testsuite hostname="Anil007-PC" failures="0" tests="13" name="TestNg.GoogleTest" time="0.054" errors="0" timestamp="2020-03-27T16:44:49 IST" skipped="0">
  <testcase classname="TestNg.GoogleTest" name="getTitle" time="0.012"/>
  <system-out/>
  <testcase classname="TestNg.GoogleTest" name="getTest" time="0.001"/>
  <system-out/>
  <testcase classname="TestNg.GoogleTest" name="getTest3" time="0.020"/>
  <system-out/>
  <testcase classname="TestNg.GoogleTest" name="getTest2" time="0.002"/>
  <system-out/>
  <testcase classname="TestNg.GoogleTest" name="getTest2" time="0.009"/>
  <system-out/>
  <testcase classname="TestNg.GoogleTest" name="getTest2" time="0.001"/>
  <system-out/>
  <testcase classname="TestNg.GoogleTest" name="getTest2" time="0.001"/>
  <system-out/>
  <testcase classname="TestNg.GoogleTest" name="getTest2" time="0.000"/>
  <system-out/>
  <testcase classname="TestNg.GoogleTest" name="getTest2" time="0.001"/>
  <system-out/>
  <testcase classname="TestNg.GoogleTest" name="getTest2" time="0.001"/>
  <system-out/>
  <testcase classname="TestNg.GoogleTest" name="getTest2" time="0.002"/>
  <system-out/>
  <testcase classname="TestNg.GoogleTest" name="getTest2" time="0.002"/>
  <system-out/>
  <testcase classname="TestNg.GoogleTest" name="getTest2" time="0.002"/>
  <system-out/>
</testsuite> <!-- TestNg.GoogleTest -->
